<?xml version="1.0" encoding="UTF-8"?>
<!-- Generated by org.testng.reporters.JUnitReportReporter -->
<testsuite hostname="DD-Kuties" failures="0" tests="1" name="newwebdriver.NewTestng" time="0.002" errors="0" timestamp="2024-08-10T15:22:30 IST" skipped="0">
  <testcase classname="newwebdriver.NewTestng" name="f" time="0.002"/>
  <system-out/>
</testsuite> <!-- newwebdriver.NewTestng -->
