<?xml version="1.0" encoding="UTF-8"?>
<!-- Generated by org.testng.reporters.JUnitReportReporter -->
<testsuite hostname="DD-Kuties" failures="0" tests="3" name="newwebdriver.TestNgValidation" time="0.023" errors="0" timestamp="2024-08-10T15:22:30 IST" skipped="0">
  <testcase classname="newwebdriver.TestNgValidation" name="logout" time="0.018"/>
  <system-out/>
  <testcase classname="newwebdriver.TestNgValidation" name="openapp" time="0.003"/>
  <system-out/>
  <testcase classname="newwebdriver.TestNgValidation" name="login" time="0.002"/>
  <system-out/>
</testsuite> <!-- newwebdriver.TestNgValidation -->
