<?xml version="1.0" encoding="UTF-8"?>
<!-- Generated by org.testng.reporters.JUnitReportReporter -->
<testsuite hostname="DD-Kuties" failures="0" tests="3" name="newwebdriver.TestNgValidation" time="0.007" errors="0" timestamp="2024-08-11T15:29:55 IST" skipped="0">
  <testcase classname="newwebdriver.TestNgValidation" name="logout" time="0.006"/>
  <testcase classname="newwebdriver.TestNgValidation" name="openapp" time="0.000"/>
  <testcase classname="newwebdriver.TestNgValidation" name="login" time="0.001"/>
</testsuite> <!-- newwebdriver.TestNgValidation -->
